<?xml version="1.0" encoding="UTF-8"?>
<!-- Generated by org.testng.reporters.JUnitXMLReporter -->
<testsuite ignored="0" hostname="DESKTOP-3HV04S5" failures="1" tests="13" name="Test" time="18.51" errors="0" timestamp="2025-06-16T20:29:13 IST">
  <testcase classname="api.test.HeaderValidation" name="validateAuthorizationHeader" time="4.376">
    <failure type="java.lang.AssertionError" message="expected [true] but found [false]">
      <![CDATA[java.lang.AssertionError: expected [true] but found [false]
at api.test.HeaderValidation.validateAuthorizationHeader(HeaderValidation.java:50)
at java.base/java.util.ArrayList.forEach(ArrayList.java:1597)
... Removed 29 stack frames]]>
    </failure>
  </testcase> <!-- validateAuthorizationHeader -->
  <testcase classname="api.test.HeaderValidation" name="validateResponseHeaders" time="0.989"/>
  <testcase classname="api.test.ProductAPITests" name="testCreateProduct_Positive" time="2.842"/>
  <testcase classname="api.test.ProductAPITests" name="testCreateProduct_Positive" time="0.9"/>
  <testcase classname="api.test.ProductAPITests" name="testCreateProduct_Negative" time="0.788"/>
  <testcase classname="api.test.ProductAPITests" name="testCreateProduct_Negative" time="0.856"/>
  <testcase classname="api.test.ProductAPITests" name="testGetProduct_Positive" time="0.888"/>
  <testcase classname="api.test.ProductAPITests" name="testGetProduct_Negative" time="0.823"/>
  <testcase classname="api.test.ProductAPITests" name="testUpdateProduct_Positive" time="0.861"/>
  <testcase classname="api.test.ProductAPITests" name="testUpdateProduct_Negative" time="0.824"/>
  <testcase classname="api.test.ProductAPITests" name="testUpdateProduct_Negative" time="0.892"/>
  <testcase classname="api.test.ProductAPITests" name="testDeleteProduct_Positive" time="1.649"/>
  <testcase classname="api.test.ProductAPITests" name="testDeleteProduct_Negative" time="0.718"/>
</testsuite> <!-- Test -->
